<?xml version="1.0" encoding="UTF-8"?>
<testng-results skipped="0" failed="0" ignored="0" total="1" passed="1">
  <reporter-output>
  </reporter-output>
  <suite name="Default suite" duration-ms="4673" started-at="2023-05-21T00:32:54 CDT" finished-at="2023-05-21T00:32:59 CDT">
    <groups>
    </groups>
    <test name="Default test" duration-ms="4673" started-at="2023-05-21T00:32:54 CDT" finished-at="2023-05-21T00:32:59 CDT">
      <class name="test.LoginTest">
        <test-method status="PASS" signature="validUserShouldBeAbleToLogin()[pri:0, instance:test.LoginTest@76c3e77a]" name="validUserShouldBeAbleToLogin" duration-ms="4645" started-at="2023-05-21T00:32:54 CDT" finished-at="2023-05-21T00:32:59 CDT">
          <reporter-output>
          </reporter-output>
        </test-method> <!-- validUserShouldBeAbleToLogin -->
      </class> <!-- test.LoginTest -->
    </test> <!-- Default test -->
  </suite> <!-- Default suite -->
</testng-results>
